<?xml version="1.0" encoding="UTF-8"?>
<testsuite xmlns:xsi="http://www.w3.org/2001/XMLSchema-instance" xsi:noNamespaceSchemaLocation="https://maven.apache.org/surefire/maven-surefire-plugin/xsd/surefire-test-report.xsd" name="com.ontariotechu.sofe3980U.AppTest" time="0.05" tests="4" errors="0" skipped="0" failures="0">
  <properties>
[...]
</properties>
  <testcase name="shouldAnswerWithTrue" classname="com.ontariotechu.sofe3980U.AppTest" time="0.003"/>
  <testcase name="orTest" classname="com.ontariotechu.sofe3980U.AppTest" time="0.023"/>
  <testcase name="andTest" classname="com.ontariotechu.sofe3980U.AppTest" time="0"/>
  <testcase name="multTest" classname="com.ontariotechu.sofe3980U.AppTest" time="0.001"/>
</testsuite>